{
  "RSpec": {
    "coverage": {
      "/home/roman/workspace/romasks/app/helpers/application_helper.rb": [
        1,
        null
      ],
      "/home/roman/workspace/romasks/app/helpers/comments_helper.rb": [
        1,
        null
      ],
      "/home/roman/workspace/romasks/app/helpers/posts_helper.rb": [
        1,
        null
      ],
      "/home/roman/workspace/romasks/app/controllers/dashboard_controller.rb": [
        1,
        1,
        0,
        0,
        null,
        null
      ],
      "/home/roman/workspace/romasks/app/controllers/application_controller.rb": [
        1,
        null,
        null,
        1,
        null
      ]
    },
    "timestamp": 1477862226
  }
}
