{
  "RSpec": {
    "coverage": {
      "/home/roman/workspace/romasks/app/helpers/application_helper.rb": [
        1,
        null
      ],
      "/home/roman/workspace/romasks/app/helpers/comments_helper.rb": [
        1,
        null
      ],
      "/home/roman/workspace/romasks/app/helpers/posts_helper.rb": [
        1,
        null
      ],
      "/home/roman/workspace/romasks/app/controllers/comments_controller.rb": [
        1,
        1,
        1,
        null,
        null,
        null,
        1,
        0,
        null,
        null,
        null,
        null,
        1,
        null,
        null,
        null,
        1,
        0,
        null,
        null,
        null,
        1,
        null,
        null,
        null,
        null,
        1,
        0,
        null,
        0,
        0,
        null,
        null,
        0,
        0,
        null,
        0,
        0,
        null,
        null,
        null,
        null,
        null,
        null,
        1,
        0,
        0,
        null,
        null,
        0,
        0,
        null,
        0,
        0,
        null,
        null,
        null,
        null,
        null,
        null,
        1,
        0,
        0,
        0,
        0,
        null,
        null,
        null,
        1,
        null,
        1,
        0,
        null,
        null,
        null,
        1,
        0,
        null,
        null,
        null,
        1,
        0,
        null,
        null
      ],
      "/home/roman/workspace/romasks/app/controllers/application_controller.rb": [
        1,
        null,
        null,
        1,
        null
      ],
      "/home/roman/workspace/romasks/app/controllers/posts_controller.rb": [
        1,
        1,
        null,
        null,
        null,
        1,
        1,
        null,
        null,
        null,
        null,
        1,
        null,
        null,
        null,
        1,
        0,
        null,
        null,
        null,
        1,
        null,
        null,
        null,
        null,
        1,
        1,
        null,
        1,
        1,
        null,
        2,
        1,
        null,
        0,
        0,
        null,
        null,
        null,
        null,
        null,
        null,
        1,
        0,
        0,
        null,
        0,
        0,
        null,
        0,
        0,
        null,
        null,
        null,
        null,
        null,
        null,
        1,
        0,
        0,
        0,
        0,
        null,
        null,
        null,
        1,
        null,
        1,
        0,
        null,
        null,
        null,
        1,
        1,
        null,
        null
      ],
      "/home/roman/workspace/romasks/app/models/post.rb": [
        1,
        1,
        1,
        1,
        null,
        null,
        null,
        null,
        null,
        null
      ],
      "/home/roman/workspace/romasks/app/models/comment.rb": [
        1,
        1,
        1,
        1,
        null
      ],
      "/home/roman/workspace/romasks/app/controllers/dashboard_controller.rb": [
        1,
        1,
        3,
        3,
        null,
        null
      ]
    },
    "timestamp": 1477600190
  }
}
